<?xml version="1.0" encoding="UTF-8"?>
<!-- Generated by org.testng.reporters.JUnitReportReporter -->
<testsuite skipped="0" hostname="Mds-MBP-2" name="calculatortest.CalculatorTest" tests="2" failures="0" timestamp="18 Aug 2020 01:36:12 GMT" time="0.006" errors="0">
  <testcase name="addTest" time="0.005" classname="calculatortest.CalculatorTest"/>
  <testcase name="deductTest" time="0.001" classname="calculatortest.CalculatorTest"/>
</testsuite> <!-- calculatortest.CalculatorTest -->
